hosts [node0:8080]
theta 0.99
workload YCSB-B
secs 30
Client 0 finished operations.
Client 10 finished operations.
Client 13 finished operations.
Client 2 finished operations.
Client 8 finished operations.
Client 3 finished operations.
Client 5 finished operations.
Client 15 finished operations.
Client 1 finished operations.
Client 7 finished operations.
Client 12 finished operations.
Client 6 finished operations.
Client 4 finished operations.
Client 14 finished operations.
Client 9 finished operations.
Client 11 finished operations.
throughput 408130.13 ops/s
